<?xml version="1.0" encoding="UTF-8"?>
<coverage generated="1732254154164" clover="3.2.0">
  <project timestamp="1732254154164" name="All files">
    <metrics statements="24" coveredstatements="24" conditionals="14" coveredconditionals="11" methods="4" coveredmethods="4" elements="42" coveredelements="39" complexity="0" loc="24" ncloc="24" packages="1" files="1" classes="1"/>
    <file name="postal-formatter.ts" path="/Users/jeremycolegrove/Documents/GitHub/postal-validator/src/postal-formatter.ts">
      <metrics statements="24" coveredstatements="24" conditionals="14" coveredconditionals="11" methods="4" coveredmethods="4"/>
      <line num="1" count="1" type="stmt"/>
      <line num="3" count="1" type="stmt"/>
      <line num="5" count="2" type="cond" truecount="1" falsecount="1"/>
      <line num="6" count="2" type="stmt"/>
      <line num="8" count="1" type="stmt"/>
      <line num="11" count="5" type="cond" truecount="0" falsecount="1"/>
      <line num="12" count="5" type="cond" truecount="2" falsecount="0"/>
      <line num="14" count="2" type="cond" truecount="1" falsecount="0"/>
      <line num="15" count="1" type="stmt"/>
      <line num="17" count="1" type="stmt"/>
      <line num="19" count="2" type="stmt"/>
      <line num="21" count="1" type="stmt"/>
      <line num="24" count="7" type="cond" truecount="0" falsecount="1"/>
      <line num="26" count="7" type="cond" truecount="3" falsecount="0"/>
      <line num="28" count="3" type="stmt"/>
      <line num="29" count="3" type="cond" truecount="3" falsecount="0"/>
      <line num="30" count="2" type="stmt"/>
      <line num="32" count="1" type="stmt"/>
      <line num="34" count="3" type="stmt"/>
      <line num="35" count="3" type="cond" truecount="1" falsecount="0"/>
      <line num="36" count="2" type="stmt"/>
      <line num="38" count="1" type="stmt"/>
      <line num="40" count="1" type="stmt"/>
      <line num="44" count="1" type="stmt"/>
    </file>
  </project>
</coverage>
