{"/Users/jeremycolegrove/Documents/GitHub/postal-validator/src/postal-formatter.ts": {"path":"/Users/jeremycolegrove/Documents/GitHub/postal-validator/src/postal-formatter.ts","statementMap":{"0":{"start":{"line":44,"column":8},"end":{"line":44,"column":14}},"1":{"start":{"line":44,"column":16},"end":{"line":44,"column":24}},"2":{"start":{"line":1,"column":0},"end":{"line":1,"column":42}},"3":{"start":{"line":3,"column":0},"end":{"line":3,"column":null}},"4":{"start":{"line":3,"column":44},"end":{"line":3,"column":49}},"5":{"start":{"line":5,"column":8},"end":{"line":5,"column":null}},"6":{"start":{"line":6,"column":8},"end":{"line":6,"column":70}},"7":{"start":{"line":8,"column":0},"end":{"line":8,"column":null}},"8":{"start":{"line":3,"column":13},"end":{"line":3,"column":35}},"9":{"start":{"line":11,"column":28},"end":{"line":11,"column":null}},"10":{"start":{"line":12,"column":4},"end":{"line":20,"column":5}},"11":{"start":{"line":14,"column":12},"end":{"line":16,"column":13}},"12":{"start":{"line":15,"column":16},"end":{"line":15,"column":null}},"13":{"start":{"line":17,"column":12},"end":{"line":17,"column":null}},"14":{"start":{"line":19,"column":12},"end":{"line":19,"column":null}},"15":{"start":{"line":21,"column":4},"end":{"line":21,"column":null}},"16":{"start":{"line":24,"column":33},"end":{"line":24,"column":null}},"17":{"start":{"line":26,"column":4},"end":{"line":41,"column":5}},"18":{"start":{"line":28,"column":12},"end":{"line":28,"column":null}},"19":{"start":{"line":29,"column":12},"end":{"line":31,"column":13}},"20":{"start":{"line":30,"column":16},"end":{"line":30,"column":null}},"21":{"start":{"line":32,"column":12},"end":{"line":32,"column":null}},"22":{"start":{"line":34,"column":12},"end":{"line":34,"column":null}},"23":{"start":{"line":35,"column":12},"end":{"line":37,"column":13}},"24":{"start":{"line":36,"column":16},"end":{"line":36,"column":null}},"25":{"start":{"line":38,"column":12},"end":{"line":38,"column":null}},"26":{"start":{"line":40,"column":12},"end":{"line":40,"column":null}}},"fnMap":{"0":{"name":"(anonymous_6)","decl":{"start":{"line":3,"column":0},"end":{"line":3,"column":13}},"loc":{"start":{"line":3,"column":0},"end":{"line":8,"column":null}}},"1":{"name":"InvalidPostalCodeError","decl":{"start":{"line":4,"column":4},"end":{"line":4,"column":null}},"loc":{"start":{"line":4,"column":4},"end":{"line":7,"column":5}}},"2":{"name":"format","decl":{"start":{"line":11,"column":9},"end":{"line":11,"column":15}},"loc":{"start":{"line":11,"column":51},"end":{"line":22,"column":1}}},"3":{"name":"validate","decl":{"start":{"line":24,"column":9},"end":{"line":24,"column":17}},"loc":{"start":{"line":24,"column":56},"end":{"line":42,"column":1}}}},"branchMap":{"0":{"loc":{"start":{"line":5,"column":8},"end":{"line":5,"column":null}},"type":"binary-expr","locations":[{"start":{"line":5,"column":8},"end":{"line":5,"column":37}},{"start":{"line":5,"column":37},"end":{"line":5,"column":null}}]},"1":{"loc":{"start":{"line":11,"column":28},"end":{"line":11,"column":null}},"type":"if","locations":[{"start":{"line":11,"column":28},"end":{"line":11,"column":null}}]},"2":{"loc":{"start":{"line":12,"column":4},"end":{"line":20,"column":5}},"type":"switch","locations":[{"start":{"line":13,"column":8},"end":{"line":17,"column":null}},{"start":{"line":18,"column":8},"end":{"line":19,"column":null}}]},"3":{"loc":{"start":{"line":14,"column":12},"end":{"line":16,"column":13}},"type":"if","locations":[{"start":{"line":14,"column":12},"end":{"line":16,"column":13}}]},"4":{"loc":{"start":{"line":24,"column":33},"end":{"line":24,"column":null}},"type":"if","locations":[{"start":{"line":24,"column":33},"end":{"line":24,"column":null}}]},"5":{"loc":{"start":{"line":26,"column":4},"end":{"line":41,"column":5}},"type":"switch","locations":[{"start":{"line":27,"column":8},"end":{"line":32,"column":null}},{"start":{"line":33,"column":8},"end":{"line":38,"column":null}},{"start":{"line":39,"column":8},"end":{"line":40,"column":null}}]},"6":{"loc":{"start":{"line":29,"column":12},"end":{"line":31,"column":13}},"type":"if","locations":[{"start":{"line":29,"column":12},"end":{"line":31,"column":13}}]},"7":{"loc":{"start":{"line":29,"column":16},"end":{"line":29,"column":56}},"type":"binary-expr","locations":[{"start":{"line":29,"column":16},"end":{"line":29,"column":34}},{"start":{"line":29,"column":38},"end":{"line":29,"column":56}}]},"8":{"loc":{"start":{"line":35,"column":12},"end":{"line":37,"column":13}},"type":"if","locations":[{"start":{"line":35,"column":12},"end":{"line":37,"column":13}}]}},"s":{"0":1,"1":1,"2":1,"3":1,"4":1,"5":2,"6":2,"7":1,"8":1,"9":5,"10":5,"11":2,"12":1,"13":1,"14":2,"15":1,"16":7,"17":7,"18":3,"19":3,"20":2,"21":1,"22":3,"23":3,"24":2,"25":1,"26":1},"f":{"0":1,"1":2,"2":5,"3":7},"b":{"0":[2,0],"1":[0],"2":[2,2],"3":[1],"4":[0],"5":[3,3,1],"6":[2],"7":[3,2],"8":[2]}}
}
