TN:
SF:src/postal-formatter.ts
FN:3,(anonymous_6)
FN:4,InvalidPostalCodeError
FN:11,format
FN:24,validate
FNF:4
FNH:4
FNDA:1,(anonymous_6)
FNDA:2,InvalidPostalCodeError
FNDA:5,format
FNDA:7,validate
DA:1,1
DA:3,1
DA:5,2
DA:6,2
DA:8,1
DA:11,5
DA:12,5
DA:14,2
DA:15,1
DA:17,1
DA:19,2
DA:21,1
DA:24,7
DA:26,7
DA:28,3
DA:29,3
DA:30,2
DA:32,1
DA:34,3
DA:35,3
DA:36,2
DA:38,1
DA:40,1
DA:44,1
LF:24
LH:24
BRDA:5,0,0,2
BRDA:5,0,1,0
BRDA:11,1,0,0
BRDA:12,2,0,2
BRDA:12,2,1,2
BRDA:14,3,0,1
BRDA:24,4,0,0
BRDA:26,5,0,3
BRDA:26,5,1,3
BRDA:26,5,2,1
BRDA:29,6,0,2
BRDA:29,7,0,3
BRDA:29,7,1,2
BRDA:35,8,0,2
BRF:14
BRH:11
end_of_record
